
ex5.elf:     file format elf32-littlearm
ex5.elf
architecture: arm, flags 0x00000012:
EXEC_P, HAS_SYMS
start address 0x00002000

Program Header:
    LOAD off    0x00000054 vaddr 0x00002000 paddr 0x00002000 align 2**2
         filesz 0x00000134 memsz 0x00000134 flags rwx
private flags = 2: [APCS-32] [FPA float format] [has entry point]

Sections:
Idx Name          Size      VMA       LMA       File off  Algn  Flags
  0 .text         00000034  00002000  00002000  00000054  2**2  CONTENTS, ALLOC, LOAD, READONLY, CODE
  1 .data         00000000  00002134  00002134  00000188  2**0  CONTENTS, ALLOC, LOAD, DATA
  2 .sbss         00000000  00002134  00002134  00000188  2**0  CONTENTS
  3 .bss          00000000  00002134  00002134  00000188  2**0  ALLOC
  4 .stab         0000009c  00000000  00000000  00000188  2**2  CONTENTS, READONLY, DEBUGGING
  5 .stabstr      00000007  00000000  00000000  00000224  2**0  CONTENTS, READONLY, DEBUGGING
  6 .stack        00000000  00080000  00080000  0000022b  2**0  CONTENTS
SYMBOL TABLE:
00002000 l    d  .text	00000000 
00002134 l    d  .data	00000000 
00002134 l    d  .sbss	00000000 
00002134 l    d  .bss	00000000 
00000000 l    d  .stab	00000000 
00000000 l    d  .stabstr	00000000 
00080000 l    d  .stack	00000000 
00000000 l    d  *ABS*	00000000 
00000000 l    d  *ABS*	00000000 
00000000 l    d  *ABS*	00000000 
0000202c l       .text	00000000 a
0000202d l       .text	00000000 b
0000202e l       .text	00000000 c
00002018 l       .text	00000000 cmp2
00002024 l       .text	00000000 fin
0000202f l       .text	00000000 max
00002028 l       .text	00000000 exit
00002134 g       *ABS*	00000000 _bss_end__
00002134 g       *ABS*	00000000 __bss_start__
00002134 g       *ABS*	00000000 __bss_end__
00002000 g       .text	00000000 _start
00002134 g       *ABS*	00000000 __bss_start
00002134 g       *ABS*	00000000 __end__
00002134 g       *ABS*	00000000 _edata
00002134 g       *ABS*	00000000 _end
00080000 g       .stack	00000000 _stack
00002134 g       .data	00000000 __data_start


